[2022-05-23 21:53:38.508] [exthost] [info] Extension host with pid 2560242 started
[2022-05-23 21:53:38.525] [exthost] [info] Lock '/home/user11/.vscode-server/data/User/workspaceStorage/e855ec4d01c12330021077a90294a6c5/vscode.lock': Lock acquired.
[2022-05-23 21:53:38.718] [exthost] [info] ExtensionService#_doActivateExtension golang.go, startup: false, activationEvent: 'onLanguage:go'
[2022-05-23 21:53:38.954] [exthost] [info] ExtensionService#_doActivateExtension vscode.debug-auto-launch, startup: true, activationEvent: '*'
[2022-05-23 21:53:38.958] [exthost] [info] ExtensionService#_doActivateExtension vscode.git-base, startup: true, activationEvent: '*', root cause: vscode.git
[2022-05-23 21:53:38.964] [exthost] [info] ExtensionService#_doActivateExtension vscode.ipynb, startup: true, activationEvent: '*'
[2022-05-23 21:53:39.047] [exthost] [info] ExtensionService#_doActivateExtension vscode.git, startup: true, activationEvent: '*'
[2022-05-23 21:53:39.122] [exthost] [info] ExtensionService#_doActivateExtension vscode.github, startup: true, activationEvent: '*'
[2022-05-23 21:53:39.471] [exthost] [info] ExtensionService#_doActivateExtension vscode.emmet, startup: false, activationEvent: 'onStartupFinished'
[2022-05-23 21:53:39.497] [exthost] [info] ExtensionService#_doActivateExtension vscode.merge-conflict, startup: false, activationEvent: 'onStartupFinished'
[2022-05-23 21:53:39.504] [exthost] [info] Eager extensions activated
[2022-05-23 21:53:40.740] [exthost] [error] [golang.go] provider FAILED
[2022-05-23 21:53:40.747] [exthost] [error] Error: context canceled
	at handleResponse (/home/user11/.vscode-server/extensions/golang.go-0.33.0/dist/goMain.js:4366:40)
	at processMessageQueue (/home/user11/.vscode-server/extensions/golang.go-0.33.0/dist/goMain.js:4204:13)
	at Immediate.<anonymous> (/home/user11/.vscode-server/extensions/golang.go-0.33.0/dist/goMain.js:4190:11)
	at processImmediate (node:internal/timers:464:21)
[2022-05-23 21:55:03.965] [exthost] [error] [golang.go] provider FAILED
[2022-05-23 21:55:03.966] [exthost] [error] Error: context canceled
	at handleResponse (/home/user11/.vscode-server/extensions/golang.go-0.33.0/dist/goMain.js:4366:40)
	at processMessageQueue (/home/user11/.vscode-server/extensions/golang.go-0.33.0/dist/goMain.js:4204:13)
	at Immediate.<anonymous> (/home/user11/.vscode-server/extensions/golang.go-0.33.0/dist/goMain.js:4190:11)
	at processImmediate (node:internal/timers:464:21)
[2022-05-23 21:55:03.985] [exthost] [error] [golang.go] provider FAILED
[2022-05-23 21:55:03.985] [exthost] [error] Error: context canceled
	at handleResponse (/home/user11/.vscode-server/extensions/golang.go-0.33.0/dist/goMain.js:4366:40)
	at processMessageQueue (/home/user11/.vscode-server/extensions/golang.go-0.33.0/dist/goMain.js:4204:13)
	at Immediate.<anonymous> (/home/user11/.vscode-server/extensions/golang.go-0.33.0/dist/goMain.js:4190:11)
	at processImmediate (node:internal/timers:464:21)
[2022-05-23 22:09:59.559] [exthost] [error] [golang.go] provider FAILED
[2022-05-23 22:09:59.560] [exthost] [error] Error: no identifier found
	at handleResponse (/home/user11/.vscode-server/extensions/golang.go-0.33.0/dist/goMain.js:4366:40)
	at processMessageQueue (/home/user11/.vscode-server/extensions/golang.go-0.33.0/dist/goMain.js:4204:13)
	at Immediate.<anonymous> (/home/user11/.vscode-server/extensions/golang.go-0.33.0/dist/goMain.js:4190:11)
	at processImmediate (node:internal/timers:464:21)
[2022-05-23 22:49:27.878] [exthost] [error] [golang.go] provider FAILED
[2022-05-23 22:49:27.879] [exthost] [error] Error: no identifier found
	at handleResponse (/home/user11/.vscode-server/extensions/golang.go-0.33.0/dist/goMain.js:4366:40)
	at processMessageQueue (/home/user11/.vscode-server/extensions/golang.go-0.33.0/dist/goMain.js:4204:13)
	at Immediate.<anonymous> (/home/user11/.vscode-server/extensions/golang.go-0.33.0/dist/goMain.js:4190:11)
	at processImmediate (node:internal/timers:464:21)
[2022-05-23 22:49:41.564] [exthost] [error] [golang.go] provider FAILED
[2022-05-23 22:49:41.564] [exthost] [error] Error: no identifier found
	at handleResponse (/home/user11/.vscode-server/extensions/golang.go-0.33.0/dist/goMain.js:4366:40)
	at processMessageQueue (/home/user11/.vscode-server/extensions/golang.go-0.33.0/dist/goMain.js:4204:13)
	at Immediate.<anonymous> (/home/user11/.vscode-server/extensions/golang.go-0.33.0/dist/goMain.js:4190:11)
	at processImmediate (node:internal/timers:464:21)
[2022-05-23 22:58:26.368] [exthost] [error] [golang.go] provider FAILED
[2022-05-23 22:58:26.368] [exthost] [error] Error: no identifier found
	at handleResponse (/home/user11/.vscode-server/extensions/golang.go-0.33.0/dist/goMain.js:4366:40)
	at processMessageQueue (/home/user11/.vscode-server/extensions/golang.go-0.33.0/dist/goMain.js:4204:13)
	at Immediate.<anonymous> (/home/user11/.vscode-server/extensions/golang.go-0.33.0/dist/goMain.js:4190:11)
	at processImmediate (node:internal/timers:464:21)
[2022-05-23 23:07:11.349] [exthost] [error] [golang.go] provider FAILED
[2022-05-23 23:07:11.350] [exthost] [error] Error: no identifier found
	at handleResponse (/home/user11/.vscode-server/extensions/golang.go-0.33.0/dist/goMain.js:4366:40)
	at processMessageQueue (/home/user11/.vscode-server/extensions/golang.go-0.33.0/dist/goMain.js:4204:13)
	at Immediate.<anonymous> (/home/user11/.vscode-server/extensions/golang.go-0.33.0/dist/goMain.js:4190:11)
	at processImmediate (node:internal/timers:464:21)
[2022-05-23 23:17:14.822] [exthost] [error] [golang.go] provider FAILED
[2022-05-23 23:17:14.822] [exthost] [error] Error: no identifier found
	at handleResponse (/home/user11/.vscode-server/extensions/golang.go-0.33.0/dist/goMain.js:4366:40)
	at processMessageQueue (/home/user11/.vscode-server/extensions/golang.go-0.33.0/dist/goMain.js:4204:13)
	at Immediate.<anonymous> (/home/user11/.vscode-server/extensions/golang.go-0.33.0/dist/goMain.js:4190:11)
	at processImmediate (node:internal/timers:464:21)
[2022-05-23 23:17:14.957] [exthost] [error] [golang.go] provider FAILED
[2022-05-23 23:17:14.958] [exthost] [error] Error: no identifier found
	at handleResponse (/home/user11/.vscode-server/extensions/golang.go-0.33.0/dist/goMain.js:4366:40)
	at processMessageQueue (/home/user11/.vscode-server/extensions/golang.go-0.33.0/dist/goMain.js:4204:13)
	at Immediate.<anonymous> (/home/user11/.vscode-server/extensions/golang.go-0.33.0/dist/goMain.js:4190:11)
	at processImmediate (node:internal/timers:464:21)
[2022-05-23 23:17:35.232] [exthost] [error] [golang.go] provider FAILED
[2022-05-23 23:17:35.232] [exthost] [error] Error: no identifier found
	at handleResponse (/home/user11/.vscode-server/extensions/golang.go-0.33.0/dist/goMain.js:4366:40)
	at processMessageQueue (/home/user11/.vscode-server/extensions/golang.go-0.33.0/dist/goMain.js:4204:13)
	at Immediate.<anonymous> (/home/user11/.vscode-server/extensions/golang.go-0.33.0/dist/goMain.js:4190:11)
	at processImmediate (node:internal/timers:464:21)
[2022-05-23 23:17:35.417] [exthost] [error] [golang.go] provider FAILED
[2022-05-23 23:17:35.417] [exthost] [error] Error: no identifier found
	at handleResponse (/home/user11/.vscode-server/extensions/golang.go-0.33.0/dist/goMain.js:4366:40)
	at processMessageQueue (/home/user11/.vscode-server/extensions/golang.go-0.33.0/dist/goMain.js:4204:13)
	at Immediate.<anonymous> (/home/user11/.vscode-server/extensions/golang.go-0.33.0/dist/goMain.js:4190:11)
	at processImmediate (node:internal/timers:464:21)
[2022-05-23 23:26:03.278] [exthost] [error] [golang.go] provider FAILED
[2022-05-23 23:26:03.278] [exthost] [error] Error: no identifier found
	at handleResponse (/home/user11/.vscode-server/extensions/golang.go-0.33.0/dist/goMain.js:4366:40)
	at processMessageQueue (/home/user11/.vscode-server/extensions/golang.go-0.33.0/dist/goMain.js:4204:13)
	at Immediate.<anonymous> (/home/user11/.vscode-server/extensions/golang.go-0.33.0/dist/goMain.js:4190:11)
	at processImmediate (node:internal/timers:464:21)
[2022-05-23 23:28:31.998] [exthost] [error] [golang.go] provider FAILED
[2022-05-23 23:28:31.998] [exthost] [error] Error: no identifier found
	at handleResponse (/home/user11/.vscode-server/extensions/golang.go-0.33.0/dist/goMain.js:4366:40)
	at processMessageQueue (/home/user11/.vscode-server/extensions/golang.go-0.33.0/dist/goMain.js:4204:13)
	at Immediate.<anonymous> (/home/user11/.vscode-server/extensions/golang.go-0.33.0/dist/goMain.js:4190:11)
	at processImmediate (node:internal/timers:464:21)
[2022-05-23 23:37:39.253] [exthost] [error] [golang.go] provider FAILED
[2022-05-23 23:37:39.253] [exthost] [error] Error: no identifier found
	at handleResponse (/home/user11/.vscode-server/extensions/golang.go-0.33.0/dist/goMain.js:4366:40)
	at processMessageQueue (/home/user11/.vscode-server/extensions/golang.go-0.33.0/dist/goMain.js:4204:13)
	at Immediate.<anonymous> (/home/user11/.vscode-server/extensions/golang.go-0.33.0/dist/goMain.js:4190:11)
	at processImmediate (node:internal/timers:464:21)
[2022-05-23 23:38:00.269] [exthost] [error] [golang.go] provider FAILED
[2022-05-23 23:38:00.270] [exthost] [error] Error: 171:22: expected type, found newline
	at handleResponse (/home/user11/.vscode-server/extensions/golang.go-0.33.0/dist/goMain.js:4366:40)
	at processMessageQueue (/home/user11/.vscode-server/extensions/golang.go-0.33.0/dist/goMain.js:4204:13)
	at Immediate.<anonymous> (/home/user11/.vscode-server/extensions/golang.go-0.33.0/dist/goMain.js:4190:11)
	at processImmediate (node:internal/timers:464:21)
[2022-05-23 23:38:23.512] [exthost] [error] [golang.go] provider FAILED
[2022-05-23 23:38:23.513] [exthost] [error] Error: no identifier found
	at handleResponse (/home/user11/.vscode-server/extensions/golang.go-0.33.0/dist/goMain.js:4366:40)
	at processMessageQueue (/home/user11/.vscode-server/extensions/golang.go-0.33.0/dist/goMain.js:4204:13)
	at Immediate.<anonymous> (/home/user11/.vscode-server/extensions/golang.go-0.33.0/dist/goMain.js:4190:11)
	at processImmediate (node:internal/timers:464:21)
[2022-05-23 23:43:01.049] [exthost] [error] [golang.go] provider FAILED
[2022-05-23 23:43:01.050] [exthost] [error] Error: no object found for ident r
	at handleResponse (/home/user11/.vscode-server/extensions/golang.go-0.33.0/dist/goMain.js:4366:40)
	at processMessageQueue (/home/user11/.vscode-server/extensions/golang.go-0.33.0/dist/goMain.js:4204:13)
	at Immediate.<anonymous> (/home/user11/.vscode-server/extensions/golang.go-0.33.0/dist/goMain.js:4190:11)
	at processImmediate (node:internal/timers:464:21)
[2022-05-23 23:43:01.160] [exthost] [error] [golang.go] provider FAILED
[2022-05-23 23:43:01.160] [exthost] [error] Error: no object found for ident country
	at handleResponse (/home/user11/.vscode-server/extensions/golang.go-0.33.0/dist/goMain.js:4366:40)
	at processMessageQueue (/home/user11/.vscode-server/extensions/golang.go-0.33.0/dist/goMain.js:4204:13)
	at Immediate.<anonymous> (/home/user11/.vscode-server/extensions/golang.go-0.33.0/dist/goMain.js:4190:11)
	at processImmediate (node:internal/timers:464:21)
[2022-05-23 23:43:01.460] [exthost] [error] [golang.go] provider FAILED
[2022-05-23 23:43:01.460] [exthost] [error] Error: no object found for ident country
	at handleResponse (/home/user11/.vscode-server/extensions/golang.go-0.33.0/dist/goMain.js:4366:40)
	at processMessageQueue (/home/user11/.vscode-server/extensions/golang.go-0.33.0/dist/goMain.js:4204:13)
	at Immediate.<anonymous> (/home/user11/.vscode-server/extensions/golang.go-0.33.0/dist/goMain.js:4190:11)
	at processImmediate (node:internal/timers:464:21)
[2022-05-23 23:43:56.218] [exthost] [error] [golang.go] provider FAILED
[2022-05-23 23:43:56.218] [exthost] [error] Error: 171:13: expected expression
	at handleResponse (/home/user11/.vscode-server/extensions/golang.go-0.33.0/dist/goMain.js:4366:40)
	at processMessageQueue (/home/user11/.vscode-server/extensions/golang.go-0.33.0/dist/goMain.js:4204:13)
	at Immediate.<anonymous> (/home/user11/.vscode-server/extensions/golang.go-0.33.0/dist/goMain.js:4190:11)
	at processImmediate (node:internal/timers:464:21)
[2022-05-23 23:50:46.438] [exthost] [error] [golang.go] provider FAILED
[2022-05-23 23:50:46.438] [exthost] [error] Error: 171:6: missing variable type or initialization
	at handleResponse (/home/user11/.vscode-server/extensions/golang.go-0.33.0/dist/goMain.js:4366:40)
	at processMessageQueue (/home/user11/.vscode-server/extensions/golang.go-0.33.0/dist/goMain.js:4204:13)
	at Immediate.<anonymous> (/home/user11/.vscode-server/extensions/golang.go-0.33.0/dist/goMain.js:4190:11)
	at processImmediate (node:internal/timers:464:21)
[2022-05-23 23:51:22.422] [exthost] [error] [golang.go] provider FAILED
[2022-05-23 23:51:22.422] [exthost] [error] Error: context canceled
	at handleResponse (/home/user11/.vscode-server/extensions/golang.go-0.33.0/dist/goMain.js:4366:40)
	at processMessageQueue (/home/user11/.vscode-server/extensions/golang.go-0.33.0/dist/goMain.js:4204:13)
	at Immediate.<anonymous> (/home/user11/.vscode-server/extensions/golang.go-0.33.0/dist/goMain.js:4190:11)
	at processImmediate (node:internal/timers:464:21)
[2022-05-23 23:54:14.027] [exthost] [error] [golang.go] provider FAILED
[2022-05-23 23:54:14.027] [exthost] [error] Error: no identifier found
	at handleResponse (/home/user11/.vscode-server/extensions/golang.go-0.33.0/dist/goMain.js:4366:40)
	at processMessageQueue (/home/user11/.vscode-server/extensions/golang.go-0.33.0/dist/goMain.js:4204:13)
	at Immediate.<anonymous> (/home/user11/.vscode-server/extensions/golang.go-0.33.0/dist/goMain.js:4190:11)
	at processImmediate (node:internal/timers:464:21)
[2022-05-23 23:54:14.129] [exthost] [error] [golang.go] provider FAILED
[2022-05-23 23:54:14.129] [exthost] [error] Error: no identifier found
	at handleResponse (/home/user11/.vscode-server/extensions/golang.go-0.33.0/dist/goMain.js:4366:40)
	at processMessageQueue (/home/user11/.vscode-server/extensions/golang.go-0.33.0/dist/goMain.js:4204:13)
	at Immediate.<anonymous> (/home/user11/.vscode-server/extensions/golang.go-0.33.0/dist/goMain.js:4190:11)
	at processImmediate (node:internal/timers:464:21)
[2022-05-23 23:54:14.329] [exthost] [error] [golang.go] provider FAILED
[2022-05-23 23:54:14.329] [exthost] [error] Error: no identifier found
	at handleResponse (/home/user11/.vscode-server/extensions/golang.go-0.33.0/dist/goMain.js:4366:40)
	at processMessageQueue (/home/user11/.vscode-server/extensions/golang.go-0.33.0/dist/goMain.js:4204:13)
	at Immediate.<anonymous> (/home/user11/.vscode-server/extensions/golang.go-0.33.0/dist/goMain.js:4190:11)
	at processImmediate (node:internal/timers:464:21)
[2022-05-24 00:08:09.352] [exthost] [error] [golang.go] provider FAILED
[2022-05-24 00:08:09.353] [exthost] [error] Error: 180:5: expected selector or type assertion, found 'select'
	at handleResponse (/home/user11/.vscode-server/extensions/golang.go-0.33.0/dist/goMain.js:4366:40)
	at processMessageQueue (/home/user11/.vscode-server/extensions/golang.go-0.33.0/dist/goMain.js:4204:13)
	at Immediate.<anonymous> (/home/user11/.vscode-server/extensions/golang.go-0.33.0/dist/goMain.js:4190:11)
	at processImmediate (node:internal/timers:464:21)
[2022-05-24 21:11:26.927] [exthost] [error] [golang.go] provider FAILED
[2022-05-24 21:11:26.932] [exthost] [error] Error: no identifier found
	at handleResponse (/home/user11/.vscode-server/extensions/golang.go-0.33.0/dist/goMain.js:4366:40)
	at processMessageQueue (/home/user11/.vscode-server/extensions/golang.go-0.33.0/dist/goMain.js:4204:13)
	at Immediate.<anonymous> (/home/user11/.vscode-server/extensions/golang.go-0.33.0/dist/goMain.js:4190:11)
	at processImmediate (node:internal/timers:464:21)
[2022-05-25 02:31:47.602] [exthost] [info] Extension host terminating: renderer disconnected for too long (1)
[2022-05-25 02:31:47.603] [exthost] [info] Lock '/home/user11/.vscode-server/data/User/workspaceStorage/e855ec4d01c12330021077a90294a6c5/vscode.lock': Marking the lockfile as scheduled to be released in 6000 ms.
[2022-05-25 02:31:47.627] [exthost] [info] Extension host with pid 2560242 exiting with code 0
