[Info  - 8:22:10 PM] 2022/05/23 20:22:10 go env for /home/user11/go/src
(root /home/user11)
(go version go version go1.17.10 linux/amd64)
(valid build configuration = true)
(build flags: [])
GOPROXY=https://proxy.golang.org,direct
GOINSECURE=
GOROOT=/usr/local/go
GO111MODULE=
GOMOD=/home/user11/go.mod
GOMODCACHE=/home/user11/go/pkg/mod
GOPATH=/home/user11/go
GOCACHE=/home/user11/.cache/go-build
GONOPROXY=
GOSUMDB=sum.golang.org
GOFLAGS=
GONOSUMDB=
GOWORK=
GOPRIVATE=


[Info  - 8:22:10 PM] 2022/05/23 20:22:10 go/packages.Load
	snapshot=0
	directory=/home/user11
	query=[builtin naro-server/...]
	packages=98

[Info  - 8:22:11 PM] 2022/05/23 20:22:11 falling back to safe trimming due to type errors: [/usr/local/go/src/runtime/vdso_linux.go:55:38: invalid operation: division by zero /usr/local/go/src/runtime/vdso_linux.go:56:38: invalid operation: division by zero] or still-missing identifiers: map[memRecordCycle:true pageBits:true]
	package="runtime"

[Info  - 8:22:11 PM] 2022/05/23 20:22:11 discovered missing identifiers: map[options:true]
	package="vendor/golang.org/x/text/unicode/bidi"

[Info  - 8:22:11 PM] 2022/05/23 20:22:11 falling back to safe trimming due to type errors: [/usr/local/go/src/net/cgo_linux.go:21:28: AI_CANONNAME not declared by package C /usr/local/go/src/net/cgo_linux.go:21:45: AI_V4MAPPED not declared by package C /usr/local/go/src/net/cgo_linux.go:21:61: AI_ALL not declared by package C] or still-missing identifiers: map[]
	package="net"

[Error - 8:22:12 PM] 2022/05/23 20:22:12 tidy: diagnosing file:///home/user11/go.mod: err: exit status 1: stderr: go mod tidy: error loading go 1.16 module graph: github.com/labstack/echo-contrib@v0.12.0 requires
	github.com/appleboy/gofight/v2@v2.1.2: module lookup disabled by GOPROXY=off

If reproducibility with go 1.16 is not needed:
	go mod tidy -compat=1.17
For other options, see:
	https://golang.org/doc/modules/pruning


