[Info  - 8:21:29 PM] 2022/05/23 20:21:29 go env for /home/user11/go/src/go-server-db
(root /home/user11)
(go version go version go1.17.10 linux/amd64)
(valid build configuration = true)
(build flags: [])
GOPATH=/home/user11/go
GOMODCACHE=/home/user11/go/pkg/mod
GO111MODULE=
GOCACHE=/home/user11/.cache/go-build
GONOSUMDB=
GOSUMDB=sum.golang.org
GOROOT=/usr/local/go
GOFLAGS=
GOINSECURE=
GONOPROXY=
GOPRIVATE=
GOPROXY=https://proxy.golang.org,direct
GOMOD=/home/user11/go.mod
GOWORK=


[Info  - 8:21:29 PM] 2022/05/23 20:21:29 go/packages.Load
	snapshot=0
	directory=/home/user11
	query=[builtin naro-server/...]
	packages=98

[Info  - 8:21:30 PM] 2022/05/23 20:21:30 falling back to safe trimming due to type errors: [/usr/local/go/src/runtime/vdso_linux.go:55:38: invalid operation: division by zero /usr/local/go/src/runtime/vdso_linux.go:56:38: invalid operation: division by zero] or still-missing identifiers: map[memRecordCycle:true pageBits:true]
	package="runtime"

[Info  - 8:21:30 PM] 2022/05/23 20:21:30 falling back to safe trimming due to type errors: [/usr/local/go/src/net/cgo_linux.go:21:28: AI_CANONNAME not declared by package C /usr/local/go/src/net/cgo_linux.go:21:45: AI_V4MAPPED not declared by package C /usr/local/go/src/net/cgo_linux.go:21:61: AI_ALL not declared by package C] or still-missing identifiers: map[]
	package="net"

[Info  - 8:21:30 PM] 2022/05/23 20:21:30 discovered missing identifiers: map[options:true]
	package="vendor/golang.org/x/text/unicode/bidi"

[Error - 8:21:31 PM] 2022/05/23 20:21:31 tidy: diagnosing file:///home/user11/go.mod: err: exit status 1: stderr: go mod tidy: error loading go 1.16 module graph: github.com/labstack/echo-contrib@v0.12.0 requires
	github.com/appleboy/gofight/v2@v2.1.2: module lookup disabled by GOPROXY=off

If reproducibility with go 1.16 is not needed:
	go mod tidy -compat=1.17
For other options, see:
	https://golang.org/doc/modules/pruning


[Error - 8:21:31 PM] 2022/05/23 20:21:31 tidy: diagnosing file:///home/user11/go.mod: err: exit status 1: stderr: go mod tidy: error loading go 1.16 module graph: github.com/labstack/echo-contrib@v0.12.0 requires
	github.com/appleboy/gofight/v2@v2.1.2: module lookup disabled by GOPROXY=off

If reproducibility with go 1.16 is not needed:
	go mod tidy -compat=1.17
For other options, see:
	https://golang.org/doc/modules/pruning


[Error - 8:21:33 PM] 2022/05/23 20:21:33 tidy: diagnosing file:///home/user11/go.mod: err: exit status 1: stderr: go mod tidy: error loading go 1.16 module graph: github.com/labstack/echo-contrib@v0.12.0 requires
	github.com/appleboy/gofight/v2@v2.1.2: module lookup disabled by GOPROXY=off

If reproducibility with go 1.16 is not needed:
	go mod tidy -compat=1.17
For other options, see:
	https://golang.org/doc/modules/pruning


